build/app/outputs/mapping/release/seeds.txt
com.example.flutter_fintech_app.MainActivity
com.example.flutter_fintech_app.MainActivity: MainActivity()
...
androidx.window.layout.SidecarWindowBackend: java.util.concurrent.CopyOnWriteArrayList getWindowLayoutChangeCallbacks()
androidx.window.embedding.ExtensionEmbeddingBackend: void setSplitRules(java.util.Set)
androidx.window.layout.DisplayFeature: android.graphics.Rect getBounds()
androidx.window.embedding.ActivityStack: boolean equals(java.lang.Object)
io.flutter.embedding.engine.FlutterJNI: void deferredComponentInstallFailure(int,java.lang.String,boolean)
io.flutter.embedding.engine.mutatorsstack.FlutterMutatorView: android.graphics.Matrix getPlatformViewMatrix()
io.flutter.embedding.engine.mutatorsstack.FlutterMutatorsStack: void pushTransform(float[])
io.flutter.view.AccessibilityBridge$Action: io.flutter.view.AccessibilityBridge$Action[] values()
io.flutter.embedding.android.FlutterSplashView$SavedState: FlutterSplashView$SavedState(android.os.Parcel)
androidx.window.layout.SidecarWindowBackend$Companion: void resetInstance()
androidx.window.core.Version: java.math.BigInteger getBigInteger()
io.flutter.embedding.engine.FlutterJNI: void nativeImageHeaderCallback(long,int,int)
androidx.window.embedding.SplitController: void removeSplitListener(androidx.core.util.Consumer)
io.flutter.embedding.engine.FlutterJNI: boolean nativeFlutterTextUtilsIsEmojiModifierBase(int)
androidx.window.embedding.EmbeddingTranslatingCallback: EmbeddingTranslatingCallback(androidx.window.embedding.EmbeddingInterfaceCompat$EmbeddingCallbackInterface,androidx.window.embedding.EmbeddingAdapter)
androidx.window.layout.SidecarAdapter$Companion: SidecarAdapter$Companion()
androidx.window.embedding.SplitController: SplitController()
androidx.window.embedding.EmptyEmbeddingComponent: EmptyEmbeddingComponent()
androidx.window.core.Version: boolean equals(java.lang.Object)
io.flutter.embedding.engine.systemchannels.PlatformChannel$SoundType: io.flutter.embedding.engine.systemchannels.PlatformChannel$SoundType valueOf(java.lang.String)
androidx.window.layout.WindowMetricsCalculatorCompat: android.graphics.Rect computeWindowBoundsP$window_release(android.app.Activity)
androidx.window.layout.SidecarCompat: androidx.window.layout.SidecarAdapter access$getSidecarAdapter$p(androidx.window.layout.SidecarCompat)
kotlin.jvm.internal.FunctionReference: boolean isInline()
kotlinx.coroutines.android.AndroidDispatcherFactory: kotlinx.coroutines.MainCoroutineDispatcher createDispatcher(java.util.List)
androidx.window.layout.SidecarCompat: void registerConfigurationChangeListener(android.app.Activity)
io.flutter.embedding.android.FlutterSplashView$SavedState: android.os.Bundle access$702(io.flutter.embedding.android.FlutterSplashView$SavedState,android.os.Bundle)
androidx.window.layout.WindowLayoutInfo: boolean equals(java.lang.Object)
androidx.window.embedding.EmbeddingCompat: EmbeddingCompat(androidx.window.extensions.embedding.ActivityEmbeddingComponent,androidx.window.embedding.EmbeddingAdapter)
io.flutter.embedding.engine.FlutterJNI: void nativeOnVsync(long,long,long)
androidx.window.embedding.ActivityStack: ActivityStack(java.util.List,boolean)
androidx.window.embedding.ExtensionEmbeddingBackend: androidx.window.embedding.EmbeddingInterfaceCompat getEmbeddingExtension()
androidx.window.layout.DisplayCompatHelperApi28: int safeInsetTop(android.view.DisplayCutout)
androidx.window.layout.HardwareFoldingFeature: boolean equals(java.lang.Object)
androidx.window.layout.HardwareFoldingFeature$Companion: HardwareFoldingFeature$Companion()
io.flutter.embedding.engine.FlutterJNI: boolean nativeFlutterTextUtilsIsEmoji(int)
androidx.window.embedding.ExtensionEmbeddingBackend$Companion: ExtensionEmbeddingBackend$Companion()
androidx.window.embedding.SplitInfo: int hashCode()
androidx.window.layout.DisplayCompatHelperApi17: void getRealSize(android.view.Display,android.graphics.Point)
io.flutter.embedding.engine.FlutterJNI: android.graphics.Bitmap decodeImage(java.nio.ByteBuffer,long)
androidx.window.embedding.ActivityFilter: int hashCode()