build/app/outputs/mapping/release/mapping.txt
# compiler: R8
# compiler_version: 3.1.66
# min_api: 16
# pg_map_id: 723e8e6
# common_typos_disable
# {"id":"com.android.tools.r8.mapping","version":"1.0"}
...
io.flutter.plugins.pathprovider.PathProviderPlugin$PathProviderImpl -> z.a$c:
    void getApplicationSupportDirectory(io.flutter.plugin.common.MethodChannel$Result) -> a
    void getTemporaryDirectory(io.flutter.plugin.common.MethodChannel$Result) -> b
    void getExternalStorageDirectories(java.lang.String,io.flutter.plugin.common.MethodChannel$Result) -> c
    void getStorageDirectory(io.flutter.plugin.common.MethodChannel$Result) -> d
    void getApplicationDocumentsDirectory(io.flutter.plugin.common.MethodChannel$Result) -> e
    void getExternalCacheDirectories(io.flutter.plugin.common.MethodChannel$Result) -> f
io.flutter.plugins.pathprovider.StorageDirectoryMapper -> z.b:
    java.lang.String androidType(java.lang.Integer) -> a
io.flutter.util.PathUtils -> a0.a:
    java.lang.String getCacheDirectory(android.content.Context) -> a
    java.lang.String getDataDirPath(android.content.Context) -> b
    java.lang.String getDataDirectory(android.content.Context) -> c
    java.lang.String getFilesDir(android.content.Context) -> d
io.flutter.util.Preconditions -> a0.b:
    void checkState(boolean,java.lang.Object) -> a
io.flutter.util.Predicate -> a0.c:
io.flutter.util.TraceSection -> a0.d:
    void begin(java.lang.String) -> a
    void end() -> b
io.flutter.util.ViewUtils -> a0.e:
    boolean childHasFocus(android.view.View) -> a
    int generateViewId(int) -> b
    android.app.Activity getActivity(android.content.Context) -> c
io.flutter.view.AccessibilityBridge -> io.flutter.view.c:
    io.flutter.view.AccessibilityViewEmbedder accessibilityViewEmbedder -> d
    io.flutter.embedding.engine.systemchannels.AccessibilityChannel accessibilityChannel -> b
    int accessibilityFeatureFlags -> l
    java.util.List flutterNavigationStack -> p
    io.flutter.plugin.platform.PlatformViewsAccessibilityDelegate platformViewsAccessibilityDelegate -> e
    int FIRST_RESOURCE_ID -> A
    io.flutter.view.AccessibilityBridge$OnAccessibilityChangeListener onAccessibilityChangeListener -> s
    io.flutter.view.AccessibilityBridge$SemanticsNode lastInputFocusedSemanticsNode -> n
    android.database.ContentObserver animationScaleObserver -> x
    int SCROLLABLE_ACTIONS -> y
    android.view.View rootAccessibilityView -> a
    android.view.accessibility.AccessibilityManager accessibilityManager -> c
    java.util.Map flutterSemanticsTree -> g
    int previousRouteId -> q
    java.lang.Integer lastLeftFrameInset -> r
    java.lang.Integer embeddedAccessibilityFocusedNodeId -> j
    android.view.accessibility.AccessibilityManager$TouchExplorationStateChangeListener touchExplorationStateChangeListener -> w
    boolean isReleased -> t
    io.flutter.embedding.engine.systemchannels.AccessibilityChannel$AccessibilityMessageHandler accessibilityMessageHandler -> u
    io.flutter.view.AccessibilityBridge$SemanticsNode inputFocusedSemanticsNode -> m
    int FOCUSABLE_FLAGS -> z
io.flutter.view.AccessibilityBridge$$ExternalSyntheticLambda0 -> io.flutter.view.a:
# {"id":"sourceFile","fileName":"R8$$SyntheticClass"}
# {"id":"com.android.tools.r8.synthesized"}
    io.flutter.view.AccessibilityBridge$SemanticsNode io.flutter.view.AccessibilityBridge$$InternalSyntheticLambda$0$e0e396cf09e258e6e3ffa9424b5ff1bdd7247108f272082a54fc97e9646ee9da$0.f$0 -> a
    void io.flutter.view.AccessibilityBridge$$InternalSyntheticLambda$0$e0e396cf09e258e6e3ffa9424b5ff1bdd7247108f272082a54fc97e9646ee9da$0.<init>(io.flutter.view.AccessibilityBridge$SemanticsNode) -> <init>
      # {"id":"com.android.tools.r8.synthesized"}
    boolean io.flutter.view.AccessibilityBridge$$InternalSyntheticLambda$0$e0e396cf09e258e6e3ffa9424b5ff1bdd7247108f272082a54fc97e9646ee9da$0.test(java.lang.Object) -> test
      # {"id":"com.android.tools.r8.synthesized"}