build/app/outputs/mapping/release/usage.txt
com.example.flutter_fintech_app.BuildConfig
com.example.flutter_fintech_app.R$attr
com.example.flutter_fintech_app.R$color
com.example.flutter_fintech_app.R$dimen
com.example.flutter_fintech_app.R$drawable
com.example.flutter_fintech_app.R$id
com.example.flutter_fintech_app.R$integer
com.example.flutter_fintech_app.R$layout
com.example.flutter_fintech_app.R$mipmap
com.example.flutter_fintech_app.R$string
com.example.flutter_fintech_app.R$style
com.example.flutter_fintech_app.R$styleable
com.example.flutter_fintech_app.R
...
com.google.common.reflect.Types$1
com.google.common.reflect.Types$2
com.google.common.reflect.Types$ClassOwnership$1
com.google.common.reflect.Types$ClassOwnership$1LocalClass
com.google.common.reflect.Types$ClassOwnership$2
com.google.common.reflect.Types$ClassOwnership$3
com.google.common.reflect.Types$ClassOwnership
com.google.common.reflect.Types$GenericArrayTypeImpl
com.google.common.reflect.Types$JavaVersion$1
com.google.common.reflect.Types$JavaVersion$2
com.google.common.reflect.Types$JavaVersion$3
com.google.common.reflect.Types$JavaVersion$4
com.google.common.reflect.Types$JavaVersion$5
com.google.common.reflect.Types$JavaVersion$6
com.google.common.reflect.Types$JavaVersion
com.google.common.reflect.Types$NativeTypeVariableEquals
com.google.common.reflect.Types$ParameterizedTypeImpl
com.google.common.reflect.Types$TypeVariableImpl
com.google.common.reflect.Types$TypeVariableInvocationHandler
com.google.common.reflect.Types$WildcardTypeImpl
com.google.common.reflect.Types
com.google.common.reflect.package-info
com.google.common.util.concurrent.AbstractCatchingFuture$AsyncCatchingFuture
com.google.common.util.concurrent.AbstractCatchingFuture$CatchingFuture
com.google.common.util.concurrent.AbstractCatchingFuture
com.google.common.util.concurrent.AbstractExecutionThreadService$1$1
com.google.common.util.concurrent.AbstractExecutionThreadService$1$2
com.google.common.util.concurrent.AbstractExecutionThreadService$1
com.google.common.util.concurrent.AbstractExecutionThreadService$2
com.google.common.util.concurrent.AbstractExecutionThreadService
com.google.common.util.concurrent.AbstractFuture$1
com.google.common.util.concurrent.AbstractFuture$AtomicHelper
com.google.common.util.concurrent.AbstractFuture$Cancellation
com.google.common.util.concurrent.AbstractFuture$Failure$1
com.google.common.util.concurrent.AbstractFuture$Failure
com.google.common.util.concurrent.AbstractFuture$Listener
com.google.common.util.concurrent.AbstractFuture$SafeAtomicHelper
com.google.common.util.concurrent.AbstractFuture$SetFuture
com.google.common.util.concurrent.AbstractFuture$SynchronizedHelper
com.google.common.util.concurrent.AbstractFuture$Trusted
com.google.common.util.concurrent.AbstractFuture$TrustedFuture
com.google.common.util.concurrent.AbstractFuture$UnsafeAtomicHelper$1
com.google.common.util.concurrent.AbstractFuture$UnsafeAtomicHelper
com.google.common.util.concurrent.AbstractFuture$Waiter
com.google.common.util.concurrent.AbstractFuture
com.google.common.util.concurrent.AbstractIdleService$1
com.google.common.util.concurrent.AbstractIdleService$DelegateService$1
com.google.common.util.concurrent.AbstractIdleService$DelegateService$2
com.google.common.util.concurrent.AbstractIdleService$DelegateService
com.google.common.util.concurrent.AbstractIdleService$ThreadNameSupplier
com.google.common.util.concurrent.AbstractIdleService
com.google.common.util.concurrent.AbstractListeningExecutorService
com.google.common.util.concurrent.AbstractScheduledService$1
com.google.common.util.concurrent.AbstractScheduledService$1ThreadFactoryImpl
com.google.common.util.concurrent.AbstractScheduledService$CustomScheduler$ReschedulableCallable
com.google.common.util.concurrent.AbstractScheduledService$CustomScheduler$Schedule
com.google.common.util.concurrent.AbstractScheduledService$CustomScheduler
com.google.common.util.concurrent.AbstractScheduledService$Scheduler$1
com.google.common.util.concurrent.AbstractScheduledService$Scheduler$2
com.google.common.util.concurrent.AbstractScheduledService$Scheduler
com.google.common.util.concurrent.AbstractScheduledService$ServiceDelegate$1
com.google.common.util.concurrent.AbstractScheduledService$ServiceDelegate$2
com.google.common.util.concurrent.AbstractScheduledService$ServiceDelegate$3
com.google.common.util.concurrent.AbstractScheduledService$ServiceDelegate$Task
com.google.common.util.concurrent.AbstractScheduledService$ServiceDelegate
com.google.common.util.concurrent.AbstractScheduledService